Flutter crash report; please file at https://github.com/flutter/flutter/issues.

## command

flutter packages get

## exception

YamlException: Error on line 22, column 2: Expected a key while parsing a block mapping.
   ╷
22 │  flutter_localizations:
   │  ^
   ╵

```
#0      Parser._parseBlockMappingKey (package:yaml/src/parser.dart:441:5)
#1      Parser._stateMachine (package:yaml/src/parser.dart:86:16)
#2      Parser.parse (package:yaml/src/parser.dart:47:19)
#3      Loader._loadMapping (package:yaml/src/loader.dart:169:23)
#4      Loader._loadNode (package:yaml/src/loader.dart:86:16)
#5      Loader._loadDocument (package:yaml/src/loader.dart:62:20)
#6      Loader.load (package:yaml/src/loader.dart:54:20)
#7      loadYamlDocument (package:yaml/yaml.dart:51:25)
#8      loadYamlNode (package:yaml/yaml.dart:42:5)
#9      loadYaml (package:yaml/yaml.dart:34:5)
#10     FlutterManifest.createFromString (package:flutter_tools/src/flutter_manifest.dart:38:28)
#11     FlutterManifest.createFromPath (package:flutter_tools/src/flutter_manifest.dart:32:12)
#12     FlutterProject._readManifest (package:flutter_tools/src/project.dart:167:54)
#13     FlutterProject.fromDirectory (package:flutter_tools/src/project.dart:45:38)
#14     FlutterProject.fromPath (package:flutter_tools/src/project.dart:60:50)
#15     PackagesGetCommand.usageValues (package:flutter_tools/src/commands/packages.dart:80:55)
<asynchronous suspension>
#16     FlutterCommand._sendUsage (package:flutter_tools/src/runner/flutter_command.dart:411:58)
<asynchronous suspension>
#17     FlutterCommand.run.<anonymous closure> (package:flutter_tools/src/runner/flutter_command.dart:392:17)
<asynchronous suspension>
#18     AppContext.run.<anonymous closure> (package:flutter_tools/src/base/context.dart:153:29)
<asynchronous suspension>
#19     _rootRun (dart:async/zone.dart:1124:13)
#20     _CustomZone.run (dart:async/zone.dart:1021:19)
#21     _runZoned (dart:async/zone.dart:1516:10)
#22     runZoned (dart:async/zone.dart:1463:12)
#23     AppContext.run (package:flutter_tools/src/base/context.dart:152:18)
<asynchronous suspension>
#24     FlutterCommand.run (package:flutter_tools/src/runner/flutter_command.dart:375:20)
#25     CommandRunner.runCommand (package:args/command_runner.dart:197:27)
<asynchronous suspension>
#26     FlutterCommandRunner.runCommand.<anonymous closure> (package:flutter_tools/src/runner/flutter_command_runner.dart:396:21)
<asynchronous suspension>
#27     AppContext.run.<anonymous closure> (package:flutter_tools/src/base/context.dart:153:29)
<asynchronous suspension>
#28     _rootRun (dart:async/zone.dart:1124:13)
#29     _CustomZone.run (dart:async/zone.dart:1021:19)
#30     _runZoned (dart:async/zone.dart:1516:10)
#31     runZoned (dart:async/zone.dart:1463:12)
#32     AppContext.run (package:flutter_tools/src/base/context.dart:152:18)
<asynchronous suspension>
#33     FlutterCommandRunner.runCommand (package:flutter_tools/src/runner/flutter_command_runner.dart:356:19)
<asynchronous suspension>
#34     CommandRunner.run.<anonymous closure> (package:args/command_runner.dart:112:25)
#35     new Future.sync (dart:async/future.dart:224:31)
#36     CommandRunner.run (package:args/command_runner.dart:112:14)
#37     FlutterCommandRunner.run (package:flutter_tools/src/runner/flutter_command_runner.dart:242:18)
#38     run.<anonymous closure>.<anonymous closure> (package:flutter_tools/runner.dart:62:22)
<asynchronous suspension>
#39     _rootRun (dart:async/zone.dart:1124:13)
#40     _CustomZone.run (dart:async/zone.dart:1021:19)
#41     _runZoned (dart:async/zone.dart:1516:10)
#42     runZoned (dart:async/zone.dart:1500:12)
#43     run.<anonymous closure> (package:flutter_tools/runner.dart:60:18)
<asynchronous suspension>
#44     AppContext.run.<anonymous closure> (package:flutter_tools/src/base/context.dart:153:29)
<asynchronous suspension>
#45     _rootRun (dart:async/zone.dart:1124:13)
#46     _CustomZone.run (dart:async/zone.dart:1021:19)
#47     _runZoned (dart:async/zone.dart:1516:10)
#48     runZoned (dart:async/zone.dart:1463:12)
#49     AppContext.run (package:flutter_tools/src/base/context.dart:152:18)
<asynchronous suspension>
#50     runInContext (package:flutter_tools/src/context_runner.dart:56:24)
<asynchronous suspension>
#51     run (package:flutter_tools/runner.dart:51:10)
#52     main (package:flutter_tools/executable.dart:62:9)
<asynchronous suspension>
#53     main (file:///Applications/Development/flutter/packages/flutter_tools/bin/flutter_tools.dart:8:3)
#54     _startIsolate.<anonymous closure> (dart:isolate-patch/isolate_patch.dart:299:32)
#55     _RawReceivePortImpl._handleMessage (dart:isolate-patch/isolate_patch.dart:172:12)
```

## flutter doctor

```
[✓] Flutter (Channel stable, v1.7.8+hotfix.3, on Mac OS X 10.14.5 18F132, locale en-ET)
    • Flutter version 1.7.8+hotfix.3 at /Applications/Development/flutter
    • Framework revision b712a172f9 (2 days ago), 2019-07-09 13:14:38 -0700
    • Engine revision 54ad777fd2
    • Dart version 2.4.0

[✓] Android toolchain - develop for Android devices (Android SDK version 28.0.3)
    • Android SDK at /Users/kbd/Android/Sdk
    • Android NDK location not configured (optional; useful for native profiling support)
    • Platform android-28, build-tools 28.0.3
    • ANDROID_HOME = /Users/kbd/Android/Sdk
    • Java binary at: /Applications/Android Studio.app/Contents/jre/jdk/Contents/Home/bin/java
    • Java version OpenJDK Runtime Environment (build 1.8.0_152-release-1343-b01)
    • All Android licenses accepted.

[!] Xcode - develop for iOS and macOS (Xcode 10.2.1)
    • Xcode at /Applications/Xcode.app/Contents/Developer
    • Xcode 10.2.1, Build version 10E1001
    ! CocoaPods out of date (1.6.0 is recommended).
        CocoaPods is used to retrieve the iOS and macOS platform side's plugin code that responds to your plugin usage on the Dart side.
        Without CocoaPods, plugins will not work on iOS or macOS.
        For more info, see https://flutter.dev/platform-plugins
      To upgrade:
        brew upgrade cocoapods
        pod setup

[✓] iOS tools - develop for iOS devices
    • ios-deploy 1.9.4

[✓] Android Studio (version 3.4)
    • Android Studio at /Applications/Android Studio.app/Contents
    • Flutter plugin version 36.0.1
    • Dart plugin version 183.6270
    • Java version OpenJDK Runtime Environment (build 1.8.0_152-release-1343-b01)

[!] IntelliJ IDEA Community Edition (version 2017.3.7)
    • IntelliJ at /Applications/IntelliJ IDEA CE.app
    ✗ Flutter plugin not installed; this adds Flutter specific functionality.
    ✗ Dart plugin not installed; this adds Dart specific functionality.
    • For information about installing plugins, see
      https://flutter.dev/intellij-setup/#installing-the-plugins

[✓] Connected device (1 available)
    • Android SDK built for x86 • emulator-5554 • android-x86 • Android 8.1.0 (API 27) (emulator)

! Doctor found issues in 2 categories.
```
